2020-02-03 19:31:02 DEBUG LoginServlet:50 - sucessfull Logingvikash kumar
2020-02-03 19:48:19 DEBUG DbConnectionProvider:23 - Succefully Connected to database
2020-02-03 19:48:19 WARN  LoginServlet:40 - Invalide password
2020-02-03 19:48:31 DEBUG DbConnectionProvider:23 - Succefully Connected to database
2020-02-03 19:48:31 DEBUG LoginServlet:50 - sucessfull Loging with  vikash kumar
2020-02-04 08:54:40 DEBUG DbConnectionProvider:23 - Succefully Connected to database
2020-02-04 08:54:40 WARN  LoginServlet:40 - Invalide password
2020-02-04 08:54:55 DEBUG DbConnectionProvider:23 - Succefully Connected to database
2020-02-04 08:54:55 DEBUG LoginServlet:50 - sucessfull Loging with  vikash kumar
2020-02-04 09:18:08 DEBUG LoginServlet:33 - Login servlets 
2020-02-04 09:18:08 DEBUG LoginServlet:36 - vikash@gmail.com vikasasdf
2020-02-04 09:18:10 DEBUG DbConnectionProvider:24 - Succefully Connected to database
2020-02-04 09:18:10 WARN  LoginServlet:45 - Invalide password
2020-02-04 09:19:14 DEBUG LoginServlet:33 - Login servlets 
2020-02-04 09:19:14 DEBUG LoginServlet:36 - vikash@gmail.com vikash
2020-02-04 09:19:15 DEBUG DbConnectionProvider:24 - Succefully Connected to database
2020-02-04 09:19:15 DEBUG LoginServlet:54 - sucessfull Loging with  vikash kumar
2020-02-04 09:19:51 DEBUG LogoutServlet:48 - SucessFully Logout
2020-02-04 09:28:41 DEBUG LoginServlet:33 - Login servlets 
2020-02-04 09:28:41 DEBUG LoginServlet:36 - vishal@gmail.com 123
2020-02-04 09:28:41 DEBUG DbConnectionProvider:24 - Succefully Connected to database
2020-02-04 09:28:41 DEBUG LoginServlet:54 - sucessfull Loging with  vishal kumar
2020-02-04 09:31:13 DEBUG LogoutServlet:48 - SucessFully Logout
2020-02-04 09:35:22 DEBUG RegisterServlets:34 - This is Register Servlets
2020-02-04 09:35:22 DEBUG RegisterServlets:39 - Box is not checked 
2020-02-04 09:36:47 DEBUG RegisterServlets:34 - This is Register Servlets
2020-02-04 09:36:47 DEBUG RegisterServlets:39 - Box is not checked 
2020-02-04 09:37:32 DEBUG RegisterServlets:34 - This is Register Servlets
2020-02-04 09:37:32 DEBUG RegisterServlets:40 - Box is not checked 
2020-02-04 09:37:39 DEBUG RegisterServlets:34 - This is Register Servlets
2020-02-04 09:37:40 DEBUG DbConnectionProvider:24 - Succefully Connected to database
2020-02-04 09:37:40 INFO  RegisterServlets:54 - User Registered with vikashkumar@gmail.com
2020-02-04 09:37:40 DEBUG RegisterServlets:56 - Done User save
2020-02-04 09:38:01 DEBUG LoginServlet:33 - Login servlets 
2020-02-04 09:38:01 DEBUG LoginServlet:36 - vikashkumar@gmail.com 123
2020-02-04 09:38:01 DEBUG DbConnectionProvider:24 - Succefully Connected to database
2020-02-04 09:38:01 DEBUG LoginServlet:54 - sucessfull Loging with  vikash kumar
2020-02-04 09:41:51 DEBUG LogoutServlet:48 - SucessFully Logout
2020-02-04 12:30:03 DEBUG LoginServlet:33 - Login servlets 
2020-02-04 12:30:03 DEBUG LoginServlet:36 - vikash@gmail.com vikash
2020-02-04 12:30:05 DEBUG DbConnectionProvider:24 - Succefully Connected to database
2020-02-04 12:30:05 DEBUG LoginServlet:54 - sucessfull Loging with  vikash kumar
2020-02-04 12:30:12 DEBUG LogoutServlet:48 - SucessFully Logout
2020-02-04 13:41:44 DEBUG LoginServlet:33 - Login servlets 
2020-02-04 13:41:44 DEBUG LoginServlet:36 - vikash@gmail.com vikash
2020-02-04 13:41:44 DEBUG DbConnectionProvider:24 - Succefully Connected to database
2020-02-04 13:41:44 DEBUG LoginServlet:54 - sucessfull Loging with  vikash kumar
2020-02-04 13:47:48 DEBUG LogoutServlet:48 - SucessFully Logout
2020-02-04 18:29:21 DEBUG LoginServlet:35 - Login servlets 
2020-02-04 18:29:21 DEBUG LoginServlet:38 - vikash@gmail.com vikash
2020-02-04 18:29:23 DEBUG DbConnectionProvider:24 - Succefully Connected to database
2020-02-04 18:29:23 DEBUG LoginServlet:56 - sucessfull Loging with  vikash kumar
2020-02-04 18:30:39 DEBUG LoginServlet:35 - Login servlets 
2020-02-04 18:30:39 DEBUG LoginServlet:38 - vikash@gmail.com vikash
2020-02-04 18:30:40 DEBUG DbConnectionProvider:24 - Succefully Connected to database
2020-02-04 18:30:40 DEBUG LoginServlet:56 - sucessfull Loging with  vikash kumar
2020-02-04 18:30:41 DEBUG LogoutServlet:48 - SucessFully Logout
2020-02-04 18:31:04 DEBUG LoginServlet:35 - Login servlets 
2020-02-04 18:31:04 DEBUG LoginServlet:38 - vikash@gmail.com vikash
2020-02-04 18:31:04 DEBUG DbConnectionProvider:24 - Succefully Connected to database
2020-02-04 18:31:04 DEBUG LoginServlet:56 - sucessfull Loging with  vikash kumar
2020-02-04 18:33:09 DEBUG LoginServlet:35 - Login servlets 
2020-02-04 18:33:09 DEBUG LoginServlet:38 - vikash@gmail.com vikash
2020-02-04 18:33:10 DEBUG DbConnectionProvider:24 - Succefully Connected to database
2020-02-04 18:33:10 DEBUG LoginServlet:56 - sucessfull Loging with  vikash kumar
2020-02-04 18:33:11 DEBUG LogoutServlet:48 - SucessFully Logout
2020-02-04 18:34:54 DEBUG LoginServlet:35 - Login servlets 
2020-02-04 18:34:54 DEBUG LoginServlet:38 - vikash@gmail.com vikash
2020-02-04 18:34:55 DEBUG DbConnectionProvider:24 - Succefully Connected to database
2020-02-04 18:34:55 DEBUG LoginServlet:56 - sucessfull Loging with  vikash kumar
2020-02-04 18:34:56 DEBUG LogoutServlet:39 - SucessFully Logout
2020-02-04 18:35:08 DEBUG LoginServlet:35 - Login servlets 
2020-02-04 18:35:08 DEBUG LoginServlet:38 - vikashd@gmail.com ljkasdfasdf
2020-02-04 18:35:08 DEBUG DbConnectionProvider:24 - Succefully Connected to database
2020-02-04 18:35:08 WARN  LoginServlet:47 - Invalide password
2020-02-04 18:35:47 DEBUG RegisterServlets:30 - This is Register Servlets
2020-02-04 18:35:47 DEBUG DbConnectionProvider:24 - Succefully Connected to database
2020-02-04 18:35:47 ERROR UserDao:42 - java.sql.SQLIntegrityConstraintViolationException: Duplicate entry 'vikash@gmail.com' for key 'email'
2020-02-04 18:35:47 ERROR RegisterServlets:53 - Something wents wrong
2020-02-04 18:35:56 DEBUG RegisterServlets:30 - This is Register Servlets
2020-02-04 18:35:56 DEBUG DbConnectionProvider:24 - Succefully Connected to database
2020-02-04 18:35:56 ERROR UserDao:42 - java.sql.SQLIntegrityConstraintViolationException: Duplicate entry 'vikash1@gmail.com' for key 'email'
2020-02-04 18:35:56 ERROR RegisterServlets:53 - Something wents wrong
2020-02-04 18:36:03 DEBUG RegisterServlets:30 - This is Register Servlets
2020-02-04 18:36:03 DEBUG DbConnectionProvider:24 - Succefully Connected to database
2020-02-04 18:36:03 INFO  RegisterServlets:48 - User Registered with vikash112312@gmail.com
2020-02-04 18:36:03 DEBUG RegisterServlets:50 - Done User save
2020-02-04 18:40:09 DEBUG LoginServlet:35 - Login servlets 
2020-02-04 18:40:09 DEBUG LoginServlet:38 - vikash@gmail.com vikash
2020-02-04 18:40:10 DEBUG DbConnectionProvider:24 - Succefully Connected to database
2020-02-04 18:40:10 DEBUG LoginServlet:56 - sucessfull Loging with  vikash kumar
2020-02-04 19:03:09 DEBUG LogoutServlet:40 - SucessFully Logout
2020-02-04 19:03:48 DEBUG LoginServlet:31 - Login servlets 
2020-02-04 19:03:48 DEBUG LoginServlet:34 - vikash@gmail.com vikash
2020-02-04 19:03:48 DEBUG DbConnectionProvider:26 - Succefully Connected to database
2020-02-04 19:03:49 DEBUG LoginServlet:52 - sucessfull Loging with  vikash kumar
2020-02-04 19:04:27 DEBUG LogoutServlet:40 - SucessFully Logout
2020-02-07 16:01:24 DEBUG LoginServlet:30 - Login servlets 
2020-02-07 16:01:24 DEBUG LoginServlet:33 - vikash@gmail.com vikash
2020-02-07 16:01:26 DEBUG DbConnectionProvider:27 - Succefully Connected to database
2020-02-07 16:01:26 DEBUG LoginServlet:51 - sucessfull Loging with  vikash kumar
